ERROR - 2025-06-04 05:08:50 --> Error connecting to the database: mysqli_sql_exception: Access denied for user 'root'@'localhost' (using password: NO) in C:\laragon\www\Projekt-Cyklista\vendor\codeigniter4\framework\system\Database\MySQLi\Connection.php:202
Stack trace:
#0 C:\laragon\www\Projekt-Cyklista\vendor\codeigniter4\framework\system\Database\MySQLi\Connection.php(202): mysqli->real_connect('localhost', 'root', '', 'projekt cyklist...', 3306, '', 0)
#1 C:\laragon\www\Projekt-Cyklista\vendor\codeigniter4\framework\system\Database\BaseConnection.php(421): CodeIgniter\Database\MySQLi\Connection->connect(false)
#2 C:\laragon\www\Projekt-Cyklista\vendor\codeigniter4\framework\system\Database\BaseConnection.php(620): CodeIgniter\Database\BaseConnection->initialize()
#3 C:\laragon\www\Projekt-Cyklista\vendor\codeigniter4\framework\system\Database\BaseBuilder.php(1649): CodeIgniter\Database\BaseConnection->query('SELECT *\nFROM `...', Array, false)
#4 C:\laragon\www\Projekt-Cyklista\vendor\codeigniter4\framework\system\Model.php(286): CodeIgniter\Database\BaseBuilder->get()
#5 C:\laragon\www\Projekt-Cyklista\vendor\codeigniter4\framework\system\BaseModel.php(679): CodeIgniter\Model->doFindAll(0, 0)
#6 C:\laragon\www\Projekt-Cyklista\app\Controllers\Home.php(21): CodeIgniter\BaseModel->findAll()
#7 C:\laragon\www\Projekt-Cyklista\vendor\codeigniter4\framework\system\CodeIgniter.php(933): App\Controllers\Home->hlavniStranka()
#8 C:\laragon\www\Projekt-Cyklista\vendor\codeigniter4\framework\system\CodeIgniter.php(507): CodeIgniter\CodeIgniter->runController(Object(App\Controllers\Home))
#9 C:\laragon\www\Projekt-Cyklista\vendor\codeigniter4\framework\system\CodeIgniter.php(354): CodeIgniter\CodeIgniter->handleRequest(NULL, Object(Config\Cache), false)
#10 C:\laragon\www\Projekt-Cyklista\vendor\codeigniter4\framework\system\Boot.php(334): CodeIgniter\CodeIgniter->run()
#11 C:\laragon\www\Projekt-Cyklista\vendor\codeigniter4\framework\system\Boot.php(67): CodeIgniter\Boot::runCodeIgniter(Object(CodeIgniter\CodeIgniter))
#12 C:\laragon\www\Projekt-Cyklista\index.php(59): CodeIgniter\Boot::bootWeb(Object(Config\Paths))
#13 {main}

Next CodeIgniter\Database\Exceptions\DatabaseException: Access denied for user '****'@'localhost' (using password: NO) in C:\laragon\www\Projekt-Cyklista\vendor\codeigniter4\framework\system\Database\MySQLi\Connection.php:246
Stack trace:
#0 C:\laragon\www\Projekt-Cyklista\vendor\codeigniter4\framework\system\Database\BaseConnection.php(421): CodeIgniter\Database\MySQLi\Connection->connect(false)
#1 C:\laragon\www\Projekt-Cyklista\vendor\codeigniter4\framework\system\Database\BaseConnection.php(620): CodeIgniter\Database\BaseConnection->initialize()
#2 C:\laragon\www\Projekt-Cyklista\vendor\codeigniter4\framework\system\Database\BaseBuilder.php(1649): CodeIgniter\Database\BaseConnection->query('SELECT *\nFROM `...', Array, false)
#3 C:\laragon\www\Projekt-Cyklista\vendor\codeigniter4\framework\system\Model.php(286): CodeIgniter\Database\BaseBuilder->get()
#4 C:\laragon\www\Projekt-Cyklista\vendor\codeigniter4\framework\system\BaseModel.php(679): CodeIgniter\Model->doFindAll(0, 0)
#5 C:\laragon\www\Projekt-Cyklista\app\Controllers\Home.php(21): CodeIgniter\BaseModel->findAll()
#6 C:\laragon\www\Projekt-Cyklista\vendor\codeigniter4\framework\system\CodeIgniter.php(933): App\Controllers\Home->hlavniStranka()
#7 C:\laragon\www\Projekt-Cyklista\vendor\codeigniter4\framework\system\CodeIgniter.php(507): CodeIgniter\CodeIgniter->runController(Object(App\Controllers\Home))
#8 C:\laragon\www\Projekt-Cyklista\vendor\codeigniter4\framework\system\CodeIgniter.php(354): CodeIgniter\CodeIgniter->handleRequest(NULL, Object(Config\Cache), false)
#9 C:\laragon\www\Projekt-Cyklista\vendor\codeigniter4\framework\system\Boot.php(334): CodeIgniter\CodeIgniter->run()
#10 C:\laragon\www\Projekt-Cyklista\vendor\codeigniter4\framework\system\Boot.php(67): CodeIgniter\Boot::runCodeIgniter(Object(CodeIgniter\CodeIgniter))
#11 C:\laragon\www\Projekt-Cyklista\index.php(59): CodeIgniter\Boot::bootWeb(Object(Config\Paths))
#12 {main}
CRITICAL - 2025-06-04 05:08:50 --> CodeIgniter\Database\Exceptions\DatabaseException: Unable to connect to the database.
Main connection [MySQLi]: Access denied for user '****'@'localhost' (using password: NO)
[Method: GET, Route: /]
in SYSTEMPATH\Database\BaseConnection.php on line 467.
 1 SYSTEMPATH\Database\BaseConnection.php(620): CodeIgniter\Database\BaseConnection->initialize()
 2 SYSTEMPATH\Database\BaseBuilder.php(1649): CodeIgniter\Database\BaseConnection->query('SELECT *
FROM `race_year`
WHERE `sex` = :sex:', [...], false)
 3 SYSTEMPATH\Model.php(286): CodeIgniter\Database\BaseBuilder->get()
 4 SYSTEMPATH\BaseModel.php(679): CodeIgniter\Model->doFindAll(0, 0)
 5 APPPATH\Controllers\Home.php(21): CodeIgniter\BaseModel->findAll()
 6 SYSTEMPATH\CodeIgniter.php(933): App\Controllers\Home->hlavniStranka()
 7 SYSTEMPATH\CodeIgniter.php(507): CodeIgniter\CodeIgniter->runController(Object(App\Controllers\Home))
 8 SYSTEMPATH\CodeIgniter.php(354): CodeIgniter\CodeIgniter->handleRequest(null, Object(Config\Cache), false)
 9 SYSTEMPATH\Boot.php(334): CodeIgniter\CodeIgniter->run()
10 SYSTEMPATH\Boot.php(67): CodeIgniter\Boot::runCodeIgniter(Object(CodeIgniter\CodeIgniter))
11 FCPATH\index.php(59): CodeIgniter\Boot::bootWeb(Object(Config\Paths))
ERROR - 2025-06-04 05:14:15 --> Error connecting to the database: mysqli_sql_exception: Access denied for user 'root'@'localhost' (using password: NO) in C:\laragon\www\Projekt-Cyklista\vendor\codeigniter4\framework\system\Database\MySQLi\Connection.php:202
Stack trace:
#0 C:\laragon\www\Projekt-Cyklista\vendor\codeigniter4\framework\system\Database\MySQLi\Connection.php(202): mysqli->real_connect('localhost', 'root', '', 'projekt cyklist...', 3306, '', 0)
#1 C:\laragon\www\Projekt-Cyklista\vendor\codeigniter4\framework\system\Database\BaseConnection.php(421): CodeIgniter\Database\MySQLi\Connection->connect(false)
#2 C:\laragon\www\Projekt-Cyklista\vendor\codeigniter4\framework\system\Database\BaseConnection.php(620): CodeIgniter\Database\BaseConnection->initialize()
#3 C:\laragon\www\Projekt-Cyklista\vendor\codeigniter4\framework\system\Database\BaseBuilder.php(1649): CodeIgniter\Database\BaseConnection->query('SELECT *\nFROM `...', Array, false)
#4 C:\laragon\www\Projekt-Cyklista\vendor\codeigniter4\framework\system\Model.php(286): CodeIgniter\Database\BaseBuilder->get()
#5 C:\laragon\www\Projekt-Cyklista\vendor\codeigniter4\framework\system\BaseModel.php(679): CodeIgniter\Model->doFindAll(0, 0)
#6 C:\laragon\www\Projekt-Cyklista\app\Controllers\Home.php(21): CodeIgniter\BaseModel->findAll()
#7 C:\laragon\www\Projekt-Cyklista\vendor\codeigniter4\framework\system\CodeIgniter.php(933): App\Controllers\Home->hlavniStranka()
#8 C:\laragon\www\Projekt-Cyklista\vendor\codeigniter4\framework\system\CodeIgniter.php(507): CodeIgniter\CodeIgniter->runController(Object(App\Controllers\Home))
#9 C:\laragon\www\Projekt-Cyklista\vendor\codeigniter4\framework\system\CodeIgniter.php(354): CodeIgniter\CodeIgniter->handleRequest(NULL, Object(Config\Cache), false)
#10 C:\laragon\www\Projekt-Cyklista\vendor\codeigniter4\framework\system\Boot.php(334): CodeIgniter\CodeIgniter->run()
#11 C:\laragon\www\Projekt-Cyklista\vendor\codeigniter4\framework\system\Boot.php(67): CodeIgniter\Boot::runCodeIgniter(Object(CodeIgniter\CodeIgniter))
#12 C:\laragon\www\Projekt-Cyklista\index.php(59): CodeIgniter\Boot::bootWeb(Object(Config\Paths))
#13 {main}

Next CodeIgniter\Database\Exceptions\DatabaseException: Access denied for user '****'@'localhost' (using password: NO) in C:\laragon\www\Projekt-Cyklista\vendor\codeigniter4\framework\system\Database\MySQLi\Connection.php:246
Stack trace:
#0 C:\laragon\www\Projekt-Cyklista\vendor\codeigniter4\framework\system\Database\BaseConnection.php(421): CodeIgniter\Database\MySQLi\Connection->connect(false)
#1 C:\laragon\www\Projekt-Cyklista\vendor\codeigniter4\framework\system\Database\BaseConnection.php(620): CodeIgniter\Database\BaseConnection->initialize()
#2 C:\laragon\www\Projekt-Cyklista\vendor\codeigniter4\framework\system\Database\BaseBuilder.php(1649): CodeIgniter\Database\BaseConnection->query('SELECT *\nFROM `...', Array, false)
#3 C:\laragon\www\Projekt-Cyklista\vendor\codeigniter4\framework\system\Model.php(286): CodeIgniter\Database\BaseBuilder->get()
#4 C:\laragon\www\Projekt-Cyklista\vendor\codeigniter4\framework\system\BaseModel.php(679): CodeIgniter\Model->doFindAll(0, 0)
#5 C:\laragon\www\Projekt-Cyklista\app\Controllers\Home.php(21): CodeIgniter\BaseModel->findAll()
#6 C:\laragon\www\Projekt-Cyklista\vendor\codeigniter4\framework\system\CodeIgniter.php(933): App\Controllers\Home->hlavniStranka()
#7 C:\laragon\www\Projekt-Cyklista\vendor\codeigniter4\framework\system\CodeIgniter.php(507): CodeIgniter\CodeIgniter->runController(Object(App\Controllers\Home))
#8 C:\laragon\www\Projekt-Cyklista\vendor\codeigniter4\framework\system\CodeIgniter.php(354): CodeIgniter\CodeIgniter->handleRequest(NULL, Object(Config\Cache), false)
#9 C:\laragon\www\Projekt-Cyklista\vendor\codeigniter4\framework\system\Boot.php(334): CodeIgniter\CodeIgniter->run()
#10 C:\laragon\www\Projekt-Cyklista\vendor\codeigniter4\framework\system\Boot.php(67): CodeIgniter\Boot::runCodeIgniter(Object(CodeIgniter\CodeIgniter))
#11 C:\laragon\www\Projekt-Cyklista\index.php(59): CodeIgniter\Boot::bootWeb(Object(Config\Paths))
#12 {main}
CRITICAL - 2025-06-04 05:14:15 --> CodeIgniter\Database\Exceptions\DatabaseException: Unable to connect to the database.
Main connection [MySQLi]: Access denied for user '****'@'localhost' (using password: NO)
[Method: GET, Route: /]
in SYSTEMPATH\Database\BaseConnection.php on line 467.
 1 SYSTEMPATH\Database\BaseConnection.php(620): CodeIgniter\Database\BaseConnection->initialize()
 2 SYSTEMPATH\Database\BaseBuilder.php(1649): CodeIgniter\Database\BaseConnection->query('SELECT *
FROM `race_year`
WHERE `sex` = :sex:', [...], false)
 3 SYSTEMPATH\Model.php(286): CodeIgniter\Database\BaseBuilder->get()
 4 SYSTEMPATH\BaseModel.php(679): CodeIgniter\Model->doFindAll(0, 0)
 5 APPPATH\Controllers\Home.php(21): CodeIgniter\BaseModel->findAll()
 6 SYSTEMPATH\CodeIgniter.php(933): App\Controllers\Home->hlavniStranka()
 7 SYSTEMPATH\CodeIgniter.php(507): CodeIgniter\CodeIgniter->runController(Object(App\Controllers\Home))
 8 SYSTEMPATH\CodeIgniter.php(354): CodeIgniter\CodeIgniter->handleRequest(null, Object(Config\Cache), false)
 9 SYSTEMPATH\Boot.php(334): CodeIgniter\CodeIgniter->run()
10 SYSTEMPATH\Boot.php(67): CodeIgniter\Boot::runCodeIgniter(Object(CodeIgniter\CodeIgniter))
11 FCPATH\index.php(59): CodeIgniter\Boot::bootWeb(Object(Config\Paths))
CRITICAL - 2025-06-04 05:44:56 --> ParseError: syntax error, unexpected token ";", expecting ")"
[Method: GET, Route: /]
in APPPATH\Views\hlavniStranka.php on line 64.
 1 SYSTEMPATH\View\View.php(227): CodeIgniter\View\View->CodeIgniter\View\{closure}()
 2 SYSTEMPATH\Common.php(1173): CodeIgniter\View\View->render('hlavniStranka', [], true)
 3 APPPATH\Controllers\Home.php(22): view('hlavniStranka', [...])
 4 SYSTEMPATH\CodeIgniter.php(933): App\Controllers\Home->hlavniStranka()
 5 SYSTEMPATH\CodeIgniter.php(507): CodeIgniter\CodeIgniter->runController(Object(App\Controllers\Home))
 6 SYSTEMPATH\CodeIgniter.php(354): CodeIgniter\CodeIgniter->handleRequest(null, Object(Config\Cache), false)
 7 SYSTEMPATH\Boot.php(334): CodeIgniter\CodeIgniter->run()
 8 SYSTEMPATH\Boot.php(67): CodeIgniter\Boot::runCodeIgniter(Object(CodeIgniter\CodeIgniter))
 9 FCPATH\index.php(59): CodeIgniter\Boot::bootWeb(Object(Config\Paths))
CRITICAL - 2025-06-04 05:46:13 --> ParseError: syntax error, unexpected token ";", expecting ")"
[Method: GET, Route: /]
in APPPATH\Views\hlavniStranka.php on line 64.
 1 SYSTEMPATH\View\View.php(227): CodeIgniter\View\View->CodeIgniter\View\{closure}()
 2 SYSTEMPATH\Common.php(1173): CodeIgniter\View\View->render('hlavniStranka', [], true)
 3 APPPATH\Controllers\Home.php(22): view('hlavniStranka', [...])
 4 SYSTEMPATH\CodeIgniter.php(933): App\Controllers\Home->hlavniStranka()
 5 SYSTEMPATH\CodeIgniter.php(507): CodeIgniter\CodeIgniter->runController(Object(App\Controllers\Home))
 6 SYSTEMPATH\CodeIgniter.php(354): CodeIgniter\CodeIgniter->handleRequest(null, Object(Config\Cache), false)
 7 SYSTEMPATH\Boot.php(334): CodeIgniter\CodeIgniter->run()
 8 SYSTEMPATH\Boot.php(67): CodeIgniter\Boot::runCodeIgniter(Object(CodeIgniter\CodeIgniter))
 9 FCPATH\index.php(59): CodeIgniter\Boot::bootWeb(Object(Config\Paths))
CRITICAL - 2025-06-04 05:52:31 --> ParseError: syntax error, unexpected token "=>"
[Method: GET, Route: /]
in APPPATH\Views\hlavniStranka.php on line 56.
 1 SYSTEMPATH\View\View.php(227): CodeIgniter\View\View->CodeIgniter\View\{closure}()
 2 SYSTEMPATH\Common.php(1173): CodeIgniter\View\View->render('hlavniStranka', [], true)
 3 APPPATH\Controllers\Home.php(22): view('hlavniStranka', [...])
 4 SYSTEMPATH\CodeIgniter.php(933): App\Controllers\Home->hlavniStranka()
 5 SYSTEMPATH\CodeIgniter.php(507): CodeIgniter\CodeIgniter->runController(Object(App\Controllers\Home))
 6 SYSTEMPATH\CodeIgniter.php(354): CodeIgniter\CodeIgniter->handleRequest(null, Object(Config\Cache), false)
 7 SYSTEMPATH\Boot.php(334): CodeIgniter\CodeIgniter->run()
 8 SYSTEMPATH\Boot.php(67): CodeIgniter\Boot::runCodeIgniter(Object(CodeIgniter\CodeIgniter))
 9 FCPATH\index.php(59): CodeIgniter\Boot::bootWeb(Object(Config\Paths))
CRITICAL - 2025-06-04 05:53:37 --> ParseError: syntax error, unexpected token "?"
[Method: GET, Route: /]
in APPPATH\Views\hlavniStranka.php on line 56.
 1 SYSTEMPATH\View\View.php(227): CodeIgniter\View\View->CodeIgniter\View\{closure}()
 2 SYSTEMPATH\Common.php(1173): CodeIgniter\View\View->render('hlavniStranka', [], true)
 3 APPPATH\Controllers\Home.php(22): view('hlavniStranka', [...])
 4 SYSTEMPATH\CodeIgniter.php(933): App\Controllers\Home->hlavniStranka()
 5 SYSTEMPATH\CodeIgniter.php(507): CodeIgniter\CodeIgniter->runController(Object(App\Controllers\Home))
 6 SYSTEMPATH\CodeIgniter.php(354): CodeIgniter\CodeIgniter->handleRequest(null, Object(Config\Cache), false)
 7 SYSTEMPATH\Boot.php(334): CodeIgniter\CodeIgniter->run()
 8 SYSTEMPATH\Boot.php(67): CodeIgniter\Boot::runCodeIgniter(Object(CodeIgniter\CodeIgniter))
 9 FCPATH\index.php(59): CodeIgniter\Boot::bootWeb(Object(Config\Paths))
CRITICAL - 2025-06-04 05:54:49 --> ParseError: syntax error, unexpected token ";", expecting ")"
[Method: GET, Route: /]
in APPPATH\Views\hlavniStranka.php on line 64.
 1 SYSTEMPATH\View\View.php(227): CodeIgniter\View\View->CodeIgniter\View\{closure}()
 2 SYSTEMPATH\Common.php(1173): CodeIgniter\View\View->render('hlavniStranka', [], true)
 3 APPPATH\Controllers\Home.php(22): view('hlavniStranka', [...])
 4 SYSTEMPATH\CodeIgniter.php(933): App\Controllers\Home->hlavniStranka()
 5 SYSTEMPATH\CodeIgniter.php(507): CodeIgniter\CodeIgniter->runController(Object(App\Controllers\Home))
 6 SYSTEMPATH\CodeIgniter.php(354): CodeIgniter\CodeIgniter->handleRequest(null, Object(Config\Cache), false)
 7 SYSTEMPATH\Boot.php(334): CodeIgniter\CodeIgniter->run()
 8 SYSTEMPATH\Boot.php(67): CodeIgniter\Boot::runCodeIgniter(Object(CodeIgniter\CodeIgniter))
 9 FCPATH\index.php(59): CodeIgniter\Boot::bootWeb(Object(Config\Paths))
CRITICAL - 2025-06-04 05:55:05 --> ParseError: syntax error, unexpected token ";", expecting ")"
[Method: GET, Route: /]
in APPPATH\Views\hlavniStranka.php on line 64.
 1 SYSTEMPATH\View\View.php(227): CodeIgniter\View\View->CodeIgniter\View\{closure}()
 2 SYSTEMPATH\Common.php(1173): CodeIgniter\View\View->render('hlavniStranka', [], true)
 3 APPPATH\Controllers\Home.php(22): view('hlavniStranka', [...])
 4 SYSTEMPATH\CodeIgniter.php(933): App\Controllers\Home->hlavniStranka()
 5 SYSTEMPATH\CodeIgniter.php(507): CodeIgniter\CodeIgniter->runController(Object(App\Controllers\Home))
 6 SYSTEMPATH\CodeIgniter.php(354): CodeIgniter\CodeIgniter->handleRequest(null, Object(Config\Cache), false)
 7 SYSTEMPATH\Boot.php(334): CodeIgniter\CodeIgniter->run()
 8 SYSTEMPATH\Boot.php(67): CodeIgniter\Boot::runCodeIgniter(Object(CodeIgniter\CodeIgniter))
 9 FCPATH\index.php(59): CodeIgniter\Boot::bootWeb(Object(Config\Paths))
CRITICAL - 2025-06-04 05:56:40 --> ParseError: syntax error, unexpected token ";", expecting ")"
[Method: GET, Route: /]
in APPPATH\Views\hlavniStranka.php on line 65.
 1 SYSTEMPATH\View\View.php(227): CodeIgniter\View\View->CodeIgniter\View\{closure}()
 2 SYSTEMPATH\Common.php(1173): CodeIgniter\View\View->render('hlavniStranka', [], true)
 3 APPPATH\Controllers\Home.php(22): view('hlavniStranka', [...])
 4 SYSTEMPATH\CodeIgniter.php(933): App\Controllers\Home->hlavniStranka()
 5 SYSTEMPATH\CodeIgniter.php(507): CodeIgniter\CodeIgniter->runController(Object(App\Controllers\Home))
 6 SYSTEMPATH\CodeIgniter.php(354): CodeIgniter\CodeIgniter->handleRequest(null, Object(Config\Cache), false)
 7 SYSTEMPATH\Boot.php(334): CodeIgniter\CodeIgniter->run()
 8 SYSTEMPATH\Boot.php(67): CodeIgniter\Boot::runCodeIgniter(Object(CodeIgniter\CodeIgniter))
 9 FCPATH\index.php(59): CodeIgniter\Boot::bootWeb(Object(Config\Paths))
CRITICAL - 2025-06-04 05:56:41 --> ParseError: syntax error, unexpected token ";", expecting ")"
[Method: GET, Route: /]
in APPPATH\Views\hlavniStranka.php on line 65.
 1 SYSTEMPATH\View\View.php(227): CodeIgniter\View\View->CodeIgniter\View\{closure}()
 2 SYSTEMPATH\Common.php(1173): CodeIgniter\View\View->render('hlavniStranka', [], true)
 3 APPPATH\Controllers\Home.php(22): view('hlavniStranka', [...])
 4 SYSTEMPATH\CodeIgniter.php(933): App\Controllers\Home->hlavniStranka()
 5 SYSTEMPATH\CodeIgniter.php(507): CodeIgniter\CodeIgniter->runController(Object(App\Controllers\Home))
 6 SYSTEMPATH\CodeIgniter.php(354): CodeIgniter\CodeIgniter->handleRequest(null, Object(Config\Cache), false)
 7 SYSTEMPATH\Boot.php(334): CodeIgniter\CodeIgniter->run()
 8 SYSTEMPATH\Boot.php(67): CodeIgniter\Boot::runCodeIgniter(Object(CodeIgniter\CodeIgniter))
 9 FCPATH\index.php(59): CodeIgniter\Boot::bootWeb(Object(Config\Paths))
CRITICAL - 2025-06-04 05:57:33 --> ParseError: syntax error, unexpected variable "$row"
[Method: GET, Route: /]
in APPPATH\Views\hlavniStranka.php on line 56.
 1 SYSTEMPATH\View\View.php(227): CodeIgniter\View\View->CodeIgniter\View\{closure}()
 2 SYSTEMPATH\Common.php(1173): CodeIgniter\View\View->render('hlavniStranka', [], true)
 3 APPPATH\Controllers\Home.php(22): view('hlavniStranka', [...])
 4 SYSTEMPATH\CodeIgniter.php(933): App\Controllers\Home->hlavniStranka()
 5 SYSTEMPATH\CodeIgniter.php(507): CodeIgniter\CodeIgniter->runController(Object(App\Controllers\Home))
 6 SYSTEMPATH\CodeIgniter.php(354): CodeIgniter\CodeIgniter->handleRequest(null, Object(Config\Cache), false)
 7 SYSTEMPATH\Boot.php(334): CodeIgniter\CodeIgniter->run()
 8 SYSTEMPATH\Boot.php(67): CodeIgniter\Boot::runCodeIgniter(Object(CodeIgniter\CodeIgniter))
 9 FCPATH\index.php(59): CodeIgniter\Boot::bootWeb(Object(Config\Paths))
CRITICAL - 2025-06-04 05:57:34 --> ParseError: syntax error, unexpected variable "$row"
[Method: GET, Route: /]
in APPPATH\Views\hlavniStranka.php on line 56.
 1 SYSTEMPATH\View\View.php(227): CodeIgniter\View\View->CodeIgniter\View\{closure}()
 2 SYSTEMPATH\Common.php(1173): CodeIgniter\View\View->render('hlavniStranka', [], true)
 3 APPPATH\Controllers\Home.php(22): view('hlavniStranka', [...])
 4 SYSTEMPATH\CodeIgniter.php(933): App\Controllers\Home->hlavniStranka()
 5 SYSTEMPATH\CodeIgniter.php(507): CodeIgniter\CodeIgniter->runController(Object(App\Controllers\Home))
 6 SYSTEMPATH\CodeIgniter.php(354): CodeIgniter\CodeIgniter->handleRequest(null, Object(Config\Cache), false)
 7 SYSTEMPATH\Boot.php(334): CodeIgniter\CodeIgniter->run()
 8 SYSTEMPATH\Boot.php(67): CodeIgniter\Boot::runCodeIgniter(Object(CodeIgniter\CodeIgniter))
 9 FCPATH\index.php(59): CodeIgniter\Boot::bootWeb(Object(Config\Paths))
CRITICAL - 2025-06-04 05:57:44 --> ParseError: syntax error, unexpected single-quoted string ""></span>"
[Method: GET, Route: /]
in APPPATH\Views\hlavniStranka.php on line 56.
 1 SYSTEMPATH\View\View.php(227): CodeIgniter\View\View->CodeIgniter\View\{closure}()
 2 SYSTEMPATH\Common.php(1173): CodeIgniter\View\View->render('hlavniStranka', [], true)
 3 APPPATH\Controllers\Home.php(22): view('hlavniStranka', [...])
 4 SYSTEMPATH\CodeIgniter.php(933): App\Controllers\Home->hlavniStranka()
 5 SYSTEMPATH\CodeIgniter.php(507): CodeIgniter\CodeIgniter->runController(Object(App\Controllers\Home))
 6 SYSTEMPATH\CodeIgniter.php(354): CodeIgniter\CodeIgniter->handleRequest(null, Object(Config\Cache), false)
 7 SYSTEMPATH\Boot.php(334): CodeIgniter\CodeIgniter->run()
 8 SYSTEMPATH\Boot.php(67): CodeIgniter\Boot::runCodeIgniter(Object(CodeIgniter\CodeIgniter))
 9 FCPATH\index.php(59): CodeIgniter\Boot::bootWeb(Object(Config\Paths))
